[20:27:02] [main/INFO]: Setting user: Player359
[20:27:07] [Client thread/INFO]: LWJGL Version: 2.9.1
[20:27:21] [Client thread/INFO]: Reloading ResourceManager: Default, FMLFileResourcePack:Forge Mod Loader, FMLFileResourcePack:Minecraft Forge, FMLFileResourcePack:Example Mod
[20:27:25] [Sound Library Loader/INFO]: Sound engine started
[20:27:31] [Client thread/INFO]: Created: 512x256 textures/blocks-atlas
[20:27:31] [Client thread/INFO]: Created: 256x256 textures/items-atlas
[20:27:32] [Client thread/INFO]: Reloading ResourceManager: Default, FMLFileResourcePack:Forge Mod Loader, FMLFileResourcePack:Minecraft Forge, FMLFileResourcePack:Example Mod
[20:27:32] [Client thread/INFO]: Created: 512x256 textures/blocks-atlas
[20:27:32] [Client thread/INFO]: Created: 256x256 textures/items-atlas
[20:27:33] [Sound Library Loader/INFO]: Sound engine started
[20:29:22] [Client thread/INFO]: Selecting effect minecraft:shaders/post/notch.json
[20:29:22] [Client thread/WARN]: Failed to load shader: minecraft:shaders/post/notch.json
net.minecraft.client.util.JsonException: Invalid shaders/program/notch.json: null
	at net.minecraft.client.util.JsonException.func_151379_a(JsonException.java:62) ~[JsonException.class:?]
	at net.minecraft.client.shader.ShaderManager.<init>(ShaderManager.java:167) ~[ShaderManager.class:?]
	at net.minecraft.client.shader.Shader.<init>(Shader.java:30) ~[Shader.class:?]
	at net.minecraft.client.shader.ShaderGroup.addShader(ShaderGroup.java:346) ~[ShaderGroup.class:?]
	at net.minecraft.client.shader.ShaderGroup.func_152764_a(ShaderGroup.java:170) ~[ShaderGroup.class:?]
	at net.minecraft.client.shader.ShaderGroup.func_152765_a(ShaderGroup.java:106) ~[ShaderGroup.class:?]
	at net.minecraft.client.shader.ShaderGroup.<init>(ShaderGroup.java:54) ~[ShaderGroup.class:?]
	at net.minecraft.client.renderer.EntityRenderer.activateNextShader(EntityRenderer.java:219) [EntityRenderer.class:?]
	at net.minecraft.client.gui.GuiOptions.actionPerformed(GuiOptions.java:100) [GuiOptions.class:?]
	at net.minecraft.client.gui.GuiScreen.mouseClicked(GuiScreen.java:252) [GuiScreen.class:?]
	at net.minecraft.client.gui.GuiScreen.handleMouseInput(GuiScreen.java:344) [GuiScreen.class:?]
	at net.minecraft.client.gui.GuiScreen.handleInput(GuiScreen.java:313) [GuiScreen.class:?]
	at net.minecraft.client.Minecraft.runTick(Minecraft.java:1720) [Minecraft.class:?]
	at net.minecraft.client.Minecraft.runGameLoop(Minecraft.java:1028) [Minecraft.class:?]
	at net.minecraft.client.Minecraft.run(Minecraft.java:951) [Minecraft.class:?]
	at net.minecraft.client.main.Main.main(Main.java:164) [Main.class:?]
	at sun.reflect.NativeMethodAccessorImpl.invoke0(Native Method) ~[?:1.8.0_31]
	at sun.reflect.NativeMethodAccessorImpl.invoke(Unknown Source) ~[?:1.8.0_31]
	at sun.reflect.DelegatingMethodAccessorImpl.invoke(Unknown Source) ~[?:1.8.0_31]
	at java.lang.reflect.Method.invoke(Unknown Source) ~[?:1.8.0_31]
	at net.minecraft.launchwrapper.Launch.launch(Launch.java:135) [launchwrapper-1.11.jar:?]
	at net.minecraft.launchwrapper.Launch.main(Launch.java:28) [launchwrapper-1.11.jar:?]
	at net.minecraftforge.gradle.GradleStartCommon.launch(GradleStartCommon.java:85) [start/:?]
	at GradleStart.main(GradleStart.java:45) [start/:?]
Caused by: java.lang.NullPointerException
	at net.minecraft.client.shader.ShaderManager.<init>(ShaderManager.java:149) ~[ShaderManager.class:?]
	... 22 more
[20:29:50] [Client thread/INFO]: Reloading ResourceManager: Default, FMLFileResourcePack:Forge Mod Loader, FMLFileResourcePack:Minecraft Forge, FMLFileResourcePack:Example Mod
[20:29:50] [Client thread/INFO]: Created: 512x256 textures/blocks-atlas
[20:29:51] [Client thread/INFO]: Created: 256x256 textures/items-atlas
[20:29:52] [Sound Library Loader/INFO]: Sound engine started
[20:30:03] [Client thread/INFO]: Reloading ResourceManager: Default, FMLFileResourcePack:Forge Mod Loader, FMLFileResourcePack:Minecraft Forge, FMLFileResourcePack:Example Mod
[20:30:03] [Client thread/INFO]: Created: 512x256 textures/blocks-atlas
[20:30:04] [Client thread/INFO]: Created: 256x256 textures/items-atlas
[20:30:05] [Sound Library Loader/INFO]: Sound engine started
[20:30:29] [Client thread/INFO]: Reloading ResourceManager: Default, FMLFileResourcePack:Forge Mod Loader, FMLFileResourcePack:Minecraft Forge, FMLFileResourcePack:Example Mod
[20:30:29] [Client thread/INFO]: Created: 512x256 textures/blocks-atlas
[20:30:30] [Client thread/INFO]: Created: 256x256 textures/items-atlas
[20:30:31] [Sound Library Loader/INFO]: Sound engine started
[20:30:45] [Client thread/INFO]: Stopping!
